Vercel CLI 48.12.0
Retrieving project…
Deploying ayoubs-projects-ef2be7d4/portal-csv
Uploading [--------------------] (0.0B/87B)
Uploading [====================] (87.0B/87B)
Inspect: https://vercel.com/ayoubs-projects-ef2be7d4/portal-csv/GjqzjA9Xih3TeZW9n89mLTeZPqZ3 [3s]
Production: https://portal-6s2yaijf4-ayoubs-projects-ef2be7d4.vercel.app [3s]
https://portal-6s2yaijf4-ayoubs-projects-ef2be7d4.vercel.appQueued...
Queued...
Building: Running build in Washington, D.C., USA (East) – iad1
Building: Build machine configuration: 2 cores, 8 GB
Building: Retrieving list of deployment files...
Building: Downloading 88 deployment files...
Building: Restored build cache from previous deployment (HzFZWm36jhYHEgyXMGNjU4dP5tLF)
Building: Running "vercel build"
Building: Vercel CLI 48.12.1
Building: Installing dependencies...
Building: > portal@0.1.0 postinstall
Building: > prisma generate
Building: Environment variables loaded from .env
Building: Prisma schema loaded from prisma/schema.prisma
Building: ✔ Generated Prisma Client (v6.19.0) to ./node_modules/@prisma/client in 134ms
Building: Start by importing your Prisma Client (See: https://pris.ly/d/importing-client)
Building: Tip: Need your database queries to be 1000x faster? Accelerate offers you that and more: https://pris.ly/tip-2-accelerate
Building: up to date in 3s
Building: 169 packages are looking for funding
Building: run `npm fund` for details
Building: Detected Next.js version: 16.0.3
Building: Running "npm run build"
Building: > portal@0.1.0 build
Building: > prisma generate && next build
Building: Environment variables loaded from .env
Building: Prisma schema loaded from prisma/schema.prisma
Building: ┌─────────────────────────────────────────────────────────┐
Building: │  Update available 6.19.0 -> 7.1.0                       │
Building: │                                                         │
Building: │  This is a major update - please follow the guide at    │
Building: │  https://pris.ly/d/major-version-upgrade                │
Building: │                                                         │
Building: │  Run the following to update                            │
Building: │    npm i --save-dev prisma@latest                       │
Building: │    npm i @prisma/client@latest                          │
Building: └─────────────────────────────────────────────────────────┘
Building: ✔ Generated Prisma Client (v6.19.0) to ./node_modules/@prisma/client in 110ms
Building: Start by importing your Prisma Client (See: https://pris.ly/d/importing-client)
Building: Tip: Interested in query caching in just a few lines of code? Try Accelerate today! https://pris.ly/tip-3-accelerate
Building: [baseline-browser-mapping] The data in this module is over two months old.  To ensure accurate Baseline data, please update: `npm i baseline-browser-mapping@latest -D`
Building: ▲ Next.js 16.0.3 (Turbopack)
Building: - Environments: .env.production, .env
Building: - Experiments (use with caution):
Building: · serverActions
Building: ⚠ The "middleware" file convention is deprecated. Please use "proxy" instead. Learn more: https://nextjs.org/docs/messages/middleware-to-proxy
Building: Creating an optimized production build ...
Building: [baseline-browser-mapping] The data in this module is over two months old.  To ensure accurate Baseline data, please update: `npm i baseline-browser-mapping@latest -D`
Building: [baseline-browser-mapping] The data in this module is over two months old.  To ensure accurate Baseline data, please update: `npm i baseline-browser-mapping@latest -D`
